<?xml version="1.0" encoding="UTF-8"?>
<!-- Generated by org.testng.reporters.JUnitReportReporter -->
<testsuite hostname="DIN35003035" name="tests.NewTest" tests="1" failures="0" timestamp="9 May 2018 14:48:51 GMT" time="6.482" errors="0">
  <testcase name="openMyBlog" time="6.482" classname="tests.NewTest"/>
</testsuite> <!-- tests.NewTest -->
