<?xml version="1.0" encoding="UTF-8"?>
<!-- Generated by org.testng.reporters.JUnitReportReporter -->
<testsuite hostname="DIN35003035" name="tests.NewTest" tests="1" failures="0" timestamp="11 May 2018 12:14:33 GMT" time="1.959" errors="0">
  <testcase name="openMyBlog" time="1.959" classname="tests.NewTest"/>
</testsuite> <!-- tests.NewTest -->
